Determining if the pthread_create exist failed with the following output:
Change Dir: /home/cc/ee106a/fl21/class/ee106a-ahh/ros_workspaces/lab5/build/CMakeFiles/CMakeTmp

Run Build Command:"/usr/bin/make" "cmTC_8711a/fast"
/usr/bin/make -f CMakeFiles/cmTC_8711a.dir/build.make CMakeFiles/cmTC_8711a.dir/build
make[1]: Entering directory '/home/cc/ee106a/fl21/class/ee106a-ahh/ros_workspaces/lab5/build/CMakeFiles/CMakeTmp'
Building C object CMakeFiles/cmTC_8711a.dir/CheckSymbolExists.c.o
/usr/bin/cc     -o CMakeFiles/cmTC_8711a.dir/CheckSymbolExists.c.o   -c /home/cc/ee106a/fl21/class/ee106a-ahh/ros_workspaces/lab5/build/CMakeFiles/CMakeTmp/CheckSymbolExists.c
Linking C executable cmTC_8711a
/usr/bin/cmake -E cmake_link_script CMakeFiles/cmTC_8711a.dir/link.txt --verbose=1
/usr/bin/cc       CMakeFiles/cmTC_8711a.dir/CheckSymbolExists.c.o  -o cmTC_8711a -rdynamic 
CMakeFiles/cmTC_8711a.dir/CheckSymbolExists.c.o: In function `main':
CheckSymbolExists.c:(.text+0x16): undefined reference to `pthread_create'
collect2: error: ld returned 1 exit status
CMakeFiles/cmTC_8711a.dir/build.make:97: recipe for target 'cmTC_8711a' failed
make[1]: *** [cmTC_8711a] Error 1
make[1]: Leaving directory '/home/cc/ee106a/fl21/class/ee106a-ahh/ros_workspaces/lab5/build/CMakeFiles/CMakeTmp'
Makefile:126: recipe for target 'cmTC_8711a/fast' failed
make: *** [cmTC_8711a/fast] Error 2

File /home/cc/ee106a/fl21/class/ee106a-ahh/ros_workspaces/lab5/build/CMakeFiles/CMakeTmp/CheckSymbolExists.c:
/* */
#include <pthread.h>

int main(int argc, char** argv)
{
  (void)argv;
#ifndef pthread_create
  return ((int*)(&pthread_create))[argc];
#else
  (void)argc;
  return 0;
#endif
}

Determining if the function pthread_create exists in the pthreads failed with the following output:
Change Dir: /home/cc/ee106a/fl21/class/ee106a-ahh/ros_workspaces/lab5/build/CMakeFiles/CMakeTmp

Run Build Command:"/usr/bin/make" "cmTC_7df61/fast"
/usr/bin/make -f CMakeFiles/cmTC_7df61.dir/build.make CMakeFiles/cmTC_7df61.dir/build
make[1]: Entering directory '/home/cc/ee106a/fl21/class/ee106a-ahh/ros_workspaces/lab5/build/CMakeFiles/CMakeTmp'
Building C object CMakeFiles/cmTC_7df61.dir/CheckFunctionExists.c.o
/usr/bin/cc    -DCHECK_FUNCTION_EXISTS=pthread_create   -o CMakeFiles/cmTC_7df61.dir/CheckFunctionExists.c.o   -c /usr/share/cmake-3.5/Modules/CheckFunctionExists.c
Linking C executable cmTC_7df61
/usr/bin/cmake -E cmake_link_script CMakeFiles/cmTC_7df61.dir/link.txt --verbose=1
/usr/bin/cc   -DCHECK_FUNCTION_EXISTS=pthread_create    CMakeFiles/cmTC_7df61.dir/CheckFunctionExists.c.o  -o cmTC_7df61 -rdynamic -lpthreads 
/usr/bin/ld: cannot find -lpthreads
collect2: error: ld returned 1 exit status
CMakeFiles/cmTC_7df61.dir/build.make:97: recipe for target 'cmTC_7df61' failed
make[1]: *** [cmTC_7df61] Error 1
make[1]: Leaving directory '/home/cc/ee106a/fl21/class/ee106a-ahh/ros_workspaces/lab5/build/CMakeFiles/CMakeTmp'
Makefile:126: recipe for target 'cmTC_7df61/fast' failed
make: *** [cmTC_7df61/fast] Error 2


